<?xml version="1.0" encoding="UTF-8"?>
<!-- Generated by org.testng.reporters.JUnitReportReporter -->
<testsuite hostname="BRILAP3461" failures="0" tests="1" name="com.brillio.frameWorkDesign.ValidationCheck" time="0.013" errors="0" timestamp="2022-05-30T21:28:02 IST" skipped="0">
  <testcase classname="com.brillio.frameWorkDesign.ValidationCheck" name="validationOne" time="0.013"/>
  <system-out/>
</testsuite> <!-- com.brillio.frameWorkDesign.ValidationCheck -->
