<?xml version="1.0" encoding="UTF-8"?>
<!-- Generated by org.testng.reporters.JUnitReportReporter -->
<testsuite hostname="BRILAP3461" failures="0" tests="3" name="com.brillio.frameWorkDesign.ValidationCheck" time="43.834" errors="0" timestamp="2022-06-01T09:10:08 IST" skipped="0">
  <testcase classname="com.brillio.frameWorkDesign.ValidationCheck" name="validCredentialTest" time="14.974"/>
  <system-out/>
  <testcase classname="com.brillio.frameWorkDesign.ValidationCheck" name="invalidCredentialTest" time="10.922"/>
  <system-out/>
  <testcase classname="com.brillio.frameWorkDesign.ValidationCheck" name="validCredentialTest" time="17.938"/>
  <system-out/>
</testsuite> <!-- com.brillio.frameWorkDesign.ValidationCheck -->
